2023-11-16 10:56:33.367 [background-preinit] INFO  org.hibernate.validator.internal.util.Version - HV000001: Hibernate Validator 8.0.0.Final
2023-11-16 10:56:33.408 [main] INFO  com.bookstore.bookservice.BookServiceApplication - Starting BookServiceApplication using Java 19.0.2 with PID 11292 (C:\My Projects\Bookstore-main\Bookstore-main\book-service\book-service\target\classes started by rahman.sh.sultanli in C:\My Projects\Bookstore-main\Bookstore-main)
2023-11-16 10:56:33.413 [main] INFO  com.bookstore.bookservice.BookServiceApplication - No active profile set, falling back to 1 default profile: "default"
2023-11-16 10:56:33.453 [main] INFO  org.springframework.cloud.config.client.ConfigServerConfigDataLoader - Fetching config from server at : http://localhost:8890
2023-11-16 10:56:33.453 [main] INFO  org.springframework.cloud.config.client.ConfigServerConfigDataLoader - Located environment: name=book-service, profiles=[default], label=null, version=null, state=null
2023-11-16 10:56:34.359 [main] INFO  org.springframework.data.repository.config.RepositoryConfigurationDelegate - Bootstrapping Spring Data JPA repositories in DEFAULT mode.
2023-11-16 10:56:34.488 [main] INFO  org.springframework.data.repository.config.RepositoryConfigurationDelegate - Finished Spring Data repository scanning in 122 ms. Found 2 JPA repository interfaces.
2023-11-16 10:56:34.676 [main] INFO  org.springframework.cloud.context.scope.GenericScope - BeanFactory id=679aa280-3e7e-3ee9-be57-ebb4cc627863
2023-11-16 10:56:35.151 [main] INFO  org.springframework.boot.web.embedded.tomcat.TomcatWebServer - Tomcat initialized with port(s): 0 (http)
2023-11-16 10:56:35.167 [main] INFO  org.apache.coyote.http11.Http11NioProtocol - Initializing ProtocolHandler ["http-nio-auto-1"]
2023-11-16 10:56:35.167 [main] INFO  org.apache.catalina.core.StandardService - Starting service [Tomcat]
2023-11-16 10:56:35.168 [main] INFO  org.apache.catalina.core.StandardEngine - Starting Servlet engine: [Apache Tomcat/10.1.5]
2023-11-16 10:56:35.274 [main] INFO  org.apache.catalina.core.ContainerBase.[Tomcat].[localhost].[/] - Initializing Spring embedded WebApplicationContext
2023-11-16 10:56:35.274 [main] INFO  org.springframework.boot.web.servlet.context.ServletWebServerApplicationContext - Root WebApplicationContext: initialization completed in 1818 ms
2023-11-16 10:56:35.819 [main] INFO  org.hibernate.jpa.internal.util.LogHelper - HHH000204: Processing PersistenceUnitInfo [name: default]
2023-11-16 10:56:35.878 [main] INFO  org.hibernate.Version - HHH000412: Hibernate ORM core version 6.1.7.Final
2023-11-16 10:56:36.178 [main] INFO  com.zaxxer.hikari.HikariDataSource - HikariPool-1 - Starting...
2023-11-16 10:56:36.364 [main] INFO  com.zaxxer.hikari.pool.HikariPool - HikariPool-1 - Added connection org.postgresql.jdbc.PgConnection@4d4bac56
2023-11-16 10:56:36.366 [main] INFO  com.zaxxer.hikari.HikariDataSource - HikariPool-1 - Start completed.
2023-11-16 10:56:36.404 [main] INFO  SQL dialect - HHH000400: Using dialect: org.hibernate.dialect.PostgreSQLDialect
2023-11-16 10:56:37.271 [main] INFO  org.hibernate.engine.transaction.jta.platform.internal.JtaPlatformInitiator - HHH000490: Using JtaPlatform implementation: [org.hibernate.engine.transaction.jta.platform.internal.NoJtaPlatform]
2023-11-16 10:56:37.285 [main] INFO  org.springframework.orm.jpa.LocalContainerEntityManagerFactoryBean - Initialized JPA EntityManagerFactory for persistence unit 'default'
2023-11-16 10:56:37.760 [main] WARN  org.springframework.boot.autoconfigure.orm.jpa.JpaBaseConfiguration$JpaWebConfiguration - spring.jpa.open-in-view is enabled by default. Therefore, database queries may be performed during view rendering. Explicitly configure spring.jpa.open-in-view to disable this warning
2023-11-16 10:56:38.498 [main] INFO  org.springframework.cloud.netflix.eureka.config.DiscoveryClientOptionalArgsConfiguration - Eureka HTTP Client uses RestTemplate.
2023-11-16 10:56:38.541 [main] WARN  org.springframework.cloud.loadbalancer.config.LoadBalancerCacheAutoConfiguration$LoadBalancerCaffeineWarnLogger - Spring Cloud LoadBalancer is currently working with the default cache. While this cache implementation is useful for development and tests, it's recommended to use Caffeine cache in production.You can switch to using Caffeine cache, by adding it and org.springframework.cache.caffeine.CaffeineCacheManager to the classpath.
2023-11-16 10:56:38.568 [main] INFO  org.springframework.boot.actuate.endpoint.web.EndpointLinksResolver - Exposing 1 endpoint(s) beneath base path '/actuator'
2023-11-16 10:56:38.711 [main] INFO  org.apache.coyote.http11.Http11NioProtocol - Starting ProtocolHandler ["http-nio-auto-1"]
2023-11-16 10:56:38.737 [main] INFO  org.springframework.boot.web.embedded.tomcat.TomcatWebServer - Tomcat started on port(s): 52261 (http) with context path ''
2023-11-16 10:56:38.738 [main] INFO  org.springframework.cloud.netflix.eureka.serviceregistry.EurekaAutoServiceRegistration - Updating port to 52261
2023-11-16 10:56:38.743 [main] INFO  org.springframework.cloud.netflix.eureka.InstanceInfoFactory - Setting initial instance status as: STARTING
2023-11-16 10:56:38.782 [main] INFO  com.netflix.discovery.DiscoveryClient - Initializing Eureka in region us-east-1
2023-11-16 10:56:38.786 [main] INFO  com.netflix.discovery.shared.resolver.aws.ConfigClusterResolver - Resolving eureka endpoints via configuration
2023-11-16 10:56:38.809 [main] INFO  com.netflix.discovery.DiscoveryClient - Disable delta property : false
2023-11-16 10:56:38.809 [main] INFO  com.netflix.discovery.DiscoveryClient - Single vip registry refresh property : null
2023-11-16 10:56:38.809 [main] INFO  com.netflix.discovery.DiscoveryClient - Force full registry fetch : false
2023-11-16 10:56:38.809 [main] INFO  com.netflix.discovery.DiscoveryClient - Application is null : false
2023-11-16 10:56:38.809 [main] INFO  com.netflix.discovery.DiscoveryClient - Registered Applications size is zero : true
2023-11-16 10:56:38.810 [main] INFO  com.netflix.discovery.DiscoveryClient - Application version is -1: true
2023-11-16 10:56:38.810 [main] INFO  com.netflix.discovery.DiscoveryClient - Getting all instance registry info from the eureka server
2023-11-16 10:56:38.908 [main] INFO  com.netflix.discovery.DiscoveryClient - The response status is 200
2023-11-16 10:56:38.910 [main] INFO  com.netflix.discovery.DiscoveryClient - Starting heartbeat executor: renew interval is: 30
2023-11-16 10:56:38.913 [main] INFO  com.netflix.discovery.InstanceInfoReplicator - InstanceInfoReplicator onDemand update allowed rate per min is 4
2023-11-16 10:56:38.917 [main] INFO  com.netflix.discovery.DiscoveryClient - Discovery Client initialized at timestamp 1700117798917 with initial instances count: 3
2023-11-16 10:56:38.923 [main] INFO  org.springframework.cloud.netflix.eureka.serviceregistry.EurekaServiceRegistry - Registering application BOOK-SERVICE with eureka with status UP
2023-11-16 10:56:38.924 [main] INFO  com.netflix.discovery.DiscoveryClient - Saw local status change event StatusChangeEvent [timestamp=1700117798924, current=UP, previous=STARTING]
2023-11-16 10:56:38.926 [DiscoveryClient-InstanceInfoReplicator-0] INFO  com.netflix.discovery.DiscoveryClient - DiscoveryClient_BOOK-SERVICE/host.docker.internal:book-service:0: registering service...
2023-11-16 10:56:38.982 [DiscoveryClient-InstanceInfoReplicator-0] INFO  com.netflix.discovery.DiscoveryClient - DiscoveryClient_BOOK-SERVICE/host.docker.internal:book-service:0 - registration status: 204
2023-11-16 10:56:39.022 [main] INFO  com.bookstore.bookservice.BookServiceApplication - Started BookServiceApplication in 6.434 seconds (process running for 7.58)
2023-11-16 10:56:39.555 [RMI TCP Connection(3)-172.16.88.121] INFO  org.apache.catalina.core.ContainerBase.[Tomcat].[localhost].[/] - Initializing Spring DispatcherServlet 'dispatcherServlet'
2023-11-16 10:56:39.556 [RMI TCP Connection(3)-172.16.88.121] INFO  org.springframework.web.servlet.DispatcherServlet - Initializing Servlet 'dispatcherServlet'
2023-11-16 10:56:39.557 [RMI TCP Connection(3)-172.16.88.121] INFO  org.springframework.web.servlet.DispatcherServlet - Completed initialization in 1 ms
2023-11-16 10:58:46.273 [http-nio-auto-1-exec-1] INFO  com.bookstore.bookservice.aspects.LoggingAspect - Before executing BookController.getAllBooks()
2023-11-16 10:58:46.277 [http-nio-auto-1-exec-1] INFO  com.bookstore.bookservice.aspects.LoggingAspect - Before executing BookServiceImpl.getAllBooks()
2023-11-16 10:58:46.619 [http-nio-auto-1-exec-1] INFO  com.bookstore.bookservice.aspects.LoggingAspect - Before executing BookMapperImpl.convertBookDtoToBook(..)
2023-11-16 10:58:46.621 [http-nio-auto-1-exec-1] INFO  com.bookstore.bookservice.aspects.LoggingAspect - After executing BookMapperImpl.convertBookDtoToBook(..) with result BookDto(id=1, image=null, name=nice_book, author=default_author, bookYear=1880, isbn=aegf34, fiction=Roman, detail=lorem10)
2023-11-16 10:58:46.646 [http-nio-auto-1-exec-1] INFO  com.bookstore.bookservice.aspects.LoggingAspect - Before executing BookMapperImpl.convertBookDtoToBook(..)
2023-11-16 10:58:46.646 [http-nio-auto-1-exec-1] INFO  com.bookstore.bookservice.aspects.LoggingAspect - After executing BookMapperImpl.convertBookDtoToBook(..) with result BookDto(id=2, image=33157, name=Martin Eden, author=Jack London, bookYear=1750, isbn=kloasx, fiction=inve, detail=vsef)
2023-11-16 10:58:46.646 [http-nio-auto-1-exec-1] INFO  com.bookstore.bookservice.aspects.LoggingAspect - Before executing BookMapperImpl.convertBookDtoToBook(..)
2023-11-16 10:58:46.646 [http-nio-auto-1-exec-1] INFO  com.bookstore.bookservice.aspects.LoggingAspect - After executing BookMapperImpl.convertBookDtoToBook(..) with result BookDto(id=4, image=sekil, name=Peace, author=fw, bookYear=1750, isbn=sdnlmoyrw, fiction=ibn, detail=vsqaddef)
2023-11-16 10:58:46.646 [http-nio-auto-1-exec-1] INFO  com.bookstore.bookservice.aspects.LoggingAspect - Before executing BookMapperImpl.convertBookDtoToBook(..)
2023-11-16 10:58:46.647 [http-nio-auto-1-exec-1] INFO  com.bookstore.bookservice.aspects.LoggingAspect - After executing BookMapperImpl.convertBookDtoToBook(..) with result BookDto(id=3, image=picture, name=Peace and war, author=Dostoyev, bookYear=1750, isbn=sdnw, fiction=sd, detail=aa)
2023-11-16 10:58:46.647 [http-nio-auto-1-exec-1] INFO  com.bookstore.bookservice.aspects.LoggingAspect - After executing BookServiceImpl.getAllBooks() with result [BookDto(id=1, image=null, name=nice_book, author=default_author, bookYear=1880, isbn=aegf34, fiction=Roman, detail=lorem10), BookDto(id=2, image=33157, name=Martin Eden, author=Jack London, bookYear=1750, isbn=kloasx, fiction=inve, detail=vsef), BookDto(id=4, image=sekil, name=Peace, author=fw, bookYear=1750, isbn=sdnlmoyrw, fiction=ibn, detail=vsqaddef), BookDto(id=3, image=picture, name=Peace and war, author=Dostoyev, bookYear=1750, isbn=sdnw, fiction=sd, detail=aa)]
2023-11-16 10:58:46.647 [http-nio-auto-1-exec-1] INFO  com.bookstore.bookservice.aspects.LoggingAspect - After executing BookController.getAllBooks() with result [BookDto(id=1, image=null, name=nice_book, author=default_author, bookYear=1880, isbn=aegf34, fiction=Roman, detail=lorem10), BookDto(id=2, image=33157, name=Martin Eden, author=Jack London, bookYear=1750, isbn=kloasx, fiction=inve, detail=vsef), BookDto(id=4, image=sekil, name=Peace, author=fw, bookYear=1750, isbn=sdnlmoyrw, fiction=ibn, detail=vsqaddef), BookDto(id=3, image=picture, name=Peace and war, author=Dostoyev, bookYear=1750, isbn=sdnw, fiction=sd, detail=aa)]
2023-11-16 10:58:50.067 [http-nio-auto-1-exec-2] INFO  com.bookstore.bookservice.aspects.LoggingAspect - Before executing BookController.getAllBooks()
2023-11-16 10:58:50.068 [http-nio-auto-1-exec-2] INFO  com.bookstore.bookservice.aspects.LoggingAspect - Before executing BookServiceImpl.getAllBooks()
2023-11-16 10:58:50.072 [http-nio-auto-1-exec-2] INFO  com.bookstore.bookservice.aspects.LoggingAspect - Before executing BookMapperImpl.convertBookDtoToBook(..)
2023-11-16 10:58:50.073 [http-nio-auto-1-exec-2] INFO  com.bookstore.bookservice.aspects.LoggingAspect - After executing BookMapperImpl.convertBookDtoToBook(..) with result BookDto(id=1, image=null, name=nice_book, author=default_author, bookYear=1880, isbn=aegf34, fiction=Roman, detail=lorem10)
2023-11-16 10:58:50.073 [http-nio-auto-1-exec-2] INFO  com.bookstore.bookservice.aspects.LoggingAspect - Before executing BookMapperImpl.convertBookDtoToBook(..)
2023-11-16 10:58:50.073 [http-nio-auto-1-exec-2] INFO  com.bookstore.bookservice.aspects.LoggingAspect - After executing BookMapperImpl.convertBookDtoToBook(..) with result BookDto(id=2, image=33157, name=Martin Eden, author=Jack London, bookYear=1750, isbn=kloasx, fiction=inve, detail=vsef)
2023-11-16 10:58:50.073 [http-nio-auto-1-exec-2] INFO  com.bookstore.bookservice.aspects.LoggingAspect - Before executing BookMapperImpl.convertBookDtoToBook(..)
2023-11-16 10:58:50.074 [http-nio-auto-1-exec-2] INFO  com.bookstore.bookservice.aspects.LoggingAspect - After executing BookMapperImpl.convertBookDtoToBook(..) with result BookDto(id=4, image=sekil, name=Peace, author=fw, bookYear=1750, isbn=sdnlmoyrw, fiction=ibn, detail=vsqaddef)
2023-11-16 10:58:50.074 [http-nio-auto-1-exec-2] INFO  com.bookstore.bookservice.aspects.LoggingAspect - Before executing BookMapperImpl.convertBookDtoToBook(..)
2023-11-16 10:58:50.074 [http-nio-auto-1-exec-2] INFO  com.bookstore.bookservice.aspects.LoggingAspect - After executing BookMapperImpl.convertBookDtoToBook(..) with result BookDto(id=3, image=picture, name=Peace and war, author=Dostoyev, bookYear=1750, isbn=sdnw, fiction=sd, detail=aa)
2023-11-16 10:58:50.074 [http-nio-auto-1-exec-2] INFO  com.bookstore.bookservice.aspects.LoggingAspect - After executing BookServiceImpl.getAllBooks() with result [BookDto(id=1, image=null, name=nice_book, author=default_author, bookYear=1880, isbn=aegf34, fiction=Roman, detail=lorem10), BookDto(id=2, image=33157, name=Martin Eden, author=Jack London, bookYear=1750, isbn=kloasx, fiction=inve, detail=vsef), BookDto(id=4, image=sekil, name=Peace, author=fw, bookYear=1750, isbn=sdnlmoyrw, fiction=ibn, detail=vsqaddef), BookDto(id=3, image=picture, name=Peace and war, author=Dostoyev, bookYear=1750, isbn=sdnw, fiction=sd, detail=aa)]
2023-11-16 10:58:50.074 [http-nio-auto-1-exec-2] INFO  com.bookstore.bookservice.aspects.LoggingAspect - After executing BookController.getAllBooks() with result [BookDto(id=1, image=null, name=nice_book, author=default_author, bookYear=1880, isbn=aegf34, fiction=Roman, detail=lorem10), BookDto(id=2, image=33157, name=Martin Eden, author=Jack London, bookYear=1750, isbn=kloasx, fiction=inve, detail=vsef), BookDto(id=4, image=sekil, name=Peace, author=fw, bookYear=1750, isbn=sdnlmoyrw, fiction=ibn, detail=vsqaddef), BookDto(id=3, image=picture, name=Peace and war, author=Dostoyev, bookYear=1750, isbn=sdnw, fiction=sd, detail=aa)]
2023-11-16 11:01:38.841 [AsyncResolver-bootstrap-executor-0] INFO  com.netflix.discovery.shared.resolver.aws.ConfigClusterResolver - Resolving eureka endpoints via configuration
2023-11-16 11:06:38.859 [AsyncResolver-bootstrap-executor-0] INFO  com.netflix.discovery.shared.resolver.aws.ConfigClusterResolver - Resolving eureka endpoints via configuration
2023-11-16 11:11:38.877 [AsyncResolver-bootstrap-executor-0] INFO  com.netflix.discovery.shared.resolver.aws.ConfigClusterResolver - Resolving eureka endpoints via configuration
2023-11-16 11:13:08.889 [http-nio-auto-1-exec-4] INFO  com.bookstore.bookservice.aspects.LoggingAspect - Before executing BookController.getBookById(..)
2023-11-16 11:13:08.892 [http-nio-auto-1-exec-4] INFO  com.bookstore.bookservice.aspects.LoggingAspect - Before executing BookServiceImpl.getBookByID(..)
2023-11-16 11:13:08.906 [http-nio-auto-1-exec-4] INFO  com.bookstore.bookservice.aspects.LoggingAspect - Before executing CrudRepository.findById(..)
2023-11-16 11:13:09.086 [http-nio-auto-1-exec-4] INFO  com.bookstore.bookservice.aspects.LoggingAspect - After executing CrudRepository.findById(..) with result Optional[Book(id=1, image=null, name=nice_book, author=default_author, bookYear=1880, isbn=aegf34, fiction=Roman, detail=lorem10)]
2023-11-16 11:13:09.097 [http-nio-auto-1-exec-4] INFO  com.bookstore.bookservice.aspects.LoggingAspect - Before executing BookMapperImpl.convertBookDtoToBook(..)
2023-11-16 11:13:09.098 [http-nio-auto-1-exec-4] INFO  com.bookstore.bookservice.aspects.LoggingAspect - After executing BookMapperImpl.convertBookDtoToBook(..) with result BookDto(id=1, image=null, name=nice_book, author=default_author, bookYear=1880, isbn=aegf34, fiction=Roman, detail=lorem10)
2023-11-16 11:13:09.099 [http-nio-auto-1-exec-4] INFO  com.bookstore.bookservice.aspects.LoggingAspect - After executing BookServiceImpl.getBookByID(..) with result BookDto(id=1, image=null, name=nice_book, author=default_author, bookYear=1880, isbn=aegf34, fiction=Roman, detail=lorem10)
2023-11-16 11:13:09.100 [http-nio-auto-1-exec-4] INFO  com.bookstore.bookservice.aspects.LoggingAspect - After executing BookController.getBookById(..) with result BookDto(id=1, image=null, name=nice_book, author=default_author, bookYear=1880, isbn=aegf34, fiction=Roman, detail=lorem10)
2023-11-16 11:13:09.172 [http-nio-auto-1-exec-5] INFO  com.bookstore.bookservice.aspects.LoggingAspect - Before executing BookController.getBookById(..)
2023-11-16 11:13:09.172 [http-nio-auto-1-exec-5] INFO  com.bookstore.bookservice.aspects.LoggingAspect - Before executing BookServiceImpl.getBookByID(..)
2023-11-16 11:13:09.173 [http-nio-auto-1-exec-5] INFO  com.bookstore.bookservice.aspects.LoggingAspect - Before executing CrudRepository.findById(..)
2023-11-16 11:13:09.174 [http-nio-auto-1-exec-5] INFO  com.bookstore.bookservice.aspects.LoggingAspect - After executing CrudRepository.findById(..) with result Optional[Book(id=2, image=33157, name=Martin Eden, author=Jack London, bookYear=1750, isbn=kloasx, fiction=inve, detail=vsef)]
2023-11-16 11:13:09.174 [http-nio-auto-1-exec-5] INFO  com.bookstore.bookservice.aspects.LoggingAspect - Before executing BookMapperImpl.convertBookDtoToBook(..)
2023-11-16 11:13:09.175 [http-nio-auto-1-exec-5] INFO  com.bookstore.bookservice.aspects.LoggingAspect - After executing BookMapperImpl.convertBookDtoToBook(..) with result BookDto(id=2, image=33157, name=Martin Eden, author=Jack London, bookYear=1750, isbn=kloasx, fiction=inve, detail=vsef)
2023-11-16 11:13:09.175 [http-nio-auto-1-exec-5] INFO  com.bookstore.bookservice.aspects.LoggingAspect - After executing BookServiceImpl.getBookByID(..) with result BookDto(id=2, image=33157, name=Martin Eden, author=Jack London, bookYear=1750, isbn=kloasx, fiction=inve, detail=vsef)
2023-11-16 11:13:09.175 [http-nio-auto-1-exec-5] INFO  com.bookstore.bookservice.aspects.LoggingAspect - After executing BookController.getBookById(..) with result BookDto(id=2, image=33157, name=Martin Eden, author=Jack London, bookYear=1750, isbn=kloasx, fiction=inve, detail=vsef)
2023-11-16 11:13:09.181 [http-nio-auto-1-exec-6] INFO  com.bookstore.bookservice.aspects.LoggingAspect - Before executing BookController.getBookById(..)
2023-11-16 11:13:09.182 [http-nio-auto-1-exec-6] INFO  com.bookstore.bookservice.aspects.LoggingAspect - Before executing BookServiceImpl.getBookByID(..)
2023-11-16 11:13:09.182 [http-nio-auto-1-exec-6] INFO  com.bookstore.bookservice.aspects.LoggingAspect - Before executing CrudRepository.findById(..)
2023-11-16 11:13:09.185 [http-nio-auto-1-exec-6] INFO  com.bookstore.bookservice.aspects.LoggingAspect - After executing CrudRepository.findById(..) with result Optional[Book(id=3, image=picture, name=Peace and war, author=Dostoyev, bookYear=1750, isbn=sdnw, fiction=sd, detail=aa)]
2023-11-16 11:13:09.185 [http-nio-auto-1-exec-6] INFO  com.bookstore.bookservice.aspects.LoggingAspect - Before executing BookMapperImpl.convertBookDtoToBook(..)
2023-11-16 11:13:09.185 [http-nio-auto-1-exec-6] INFO  com.bookstore.bookservice.aspects.LoggingAspect - After executing BookMapperImpl.convertBookDtoToBook(..) with result BookDto(id=3, image=picture, name=Peace and war, author=Dostoyev, bookYear=1750, isbn=sdnw, fiction=sd, detail=aa)
2023-11-16 11:13:09.185 [http-nio-auto-1-exec-6] INFO  com.bookstore.bookservice.aspects.LoggingAspect - After executing BookServiceImpl.getBookByID(..) with result BookDto(id=3, image=picture, name=Peace and war, author=Dostoyev, bookYear=1750, isbn=sdnw, fiction=sd, detail=aa)
2023-11-16 11:13:09.186 [http-nio-auto-1-exec-6] INFO  com.bookstore.bookservice.aspects.LoggingAspect - After executing BookController.getBookById(..) with result BookDto(id=3, image=picture, name=Peace and war, author=Dostoyev, bookYear=1750, isbn=sdnw, fiction=sd, detail=aa)
2023-11-16 11:14:22.842 [http-nio-auto-1-exec-8] INFO  com.bookstore.bookservice.aspects.LoggingAspect - Before executing BookController.getBookById(..)
2023-11-16 11:14:22.842 [http-nio-auto-1-exec-8] INFO  com.bookstore.bookservice.aspects.LoggingAspect - Before executing BookServiceImpl.getBookByID(..)
2023-11-16 11:14:22.842 [http-nio-auto-1-exec-8] INFO  com.bookstore.bookservice.aspects.LoggingAspect - Before executing CrudRepository.findById(..)
2023-11-16 11:14:22.844 [http-nio-auto-1-exec-8] INFO  com.bookstore.bookservice.aspects.LoggingAspect - After executing CrudRepository.findById(..) with result Optional[Book(id=1, image=null, name=nice_book, author=default_author, bookYear=1880, isbn=aegf34, fiction=Roman, detail=lorem10)]
2023-11-16 11:14:22.844 [http-nio-auto-1-exec-8] INFO  com.bookstore.bookservice.aspects.LoggingAspect - Before executing BookMapperImpl.convertBookDtoToBook(..)
2023-11-16 11:14:22.845 [http-nio-auto-1-exec-8] INFO  com.bookstore.bookservice.aspects.LoggingAspect - After executing BookMapperImpl.convertBookDtoToBook(..) with result BookDto(id=1, image=null, name=nice_book, author=default_author, bookYear=1880, isbn=aegf34, fiction=Roman, detail=lorem10)
2023-11-16 11:14:22.845 [http-nio-auto-1-exec-8] INFO  com.bookstore.bookservice.aspects.LoggingAspect - After executing BookServiceImpl.getBookByID(..) with result BookDto(id=1, image=null, name=nice_book, author=default_author, bookYear=1880, isbn=aegf34, fiction=Roman, detail=lorem10)
2023-11-16 11:14:22.845 [http-nio-auto-1-exec-8] INFO  com.bookstore.bookservice.aspects.LoggingAspect - After executing BookController.getBookById(..) with result BookDto(id=1, image=null, name=nice_book, author=default_author, bookYear=1880, isbn=aegf34, fiction=Roman, detail=lorem10)
2023-11-16 11:14:22.851 [http-nio-auto-1-exec-9] INFO  com.bookstore.bookservice.aspects.LoggingAspect - Before executing BookController.getBookById(..)
2023-11-16 11:14:22.852 [http-nio-auto-1-exec-9] INFO  com.bookstore.bookservice.aspects.LoggingAspect - Before executing BookServiceImpl.getBookByID(..)
2023-11-16 11:14:22.852 [http-nio-auto-1-exec-9] INFO  com.bookstore.bookservice.aspects.LoggingAspect - Before executing CrudRepository.findById(..)
2023-11-16 11:14:22.854 [http-nio-auto-1-exec-9] INFO  com.bookstore.bookservice.aspects.LoggingAspect - After executing CrudRepository.findById(..) with result Optional[Book(id=2, image=33157, name=Martin Eden, author=Jack London, bookYear=1750, isbn=kloasx, fiction=inve, detail=vsef)]
2023-11-16 11:14:22.855 [http-nio-auto-1-exec-9] INFO  com.bookstore.bookservice.aspects.LoggingAspect - Before executing BookMapperImpl.convertBookDtoToBook(..)
2023-11-16 11:14:22.855 [http-nio-auto-1-exec-9] INFO  com.bookstore.bookservice.aspects.LoggingAspect - After executing BookMapperImpl.convertBookDtoToBook(..) with result BookDto(id=2, image=33157, name=Martin Eden, author=Jack London, bookYear=1750, isbn=kloasx, fiction=inve, detail=vsef)
2023-11-16 11:14:22.855 [http-nio-auto-1-exec-9] INFO  com.bookstore.bookservice.aspects.LoggingAspect - After executing BookServiceImpl.getBookByID(..) with result BookDto(id=2, image=33157, name=Martin Eden, author=Jack London, bookYear=1750, isbn=kloasx, fiction=inve, detail=vsef)
2023-11-16 11:14:22.855 [http-nio-auto-1-exec-9] INFO  com.bookstore.bookservice.aspects.LoggingAspect - After executing BookController.getBookById(..) with result BookDto(id=2, image=33157, name=Martin Eden, author=Jack London, bookYear=1750, isbn=kloasx, fiction=inve, detail=vsef)
2023-11-16 11:14:22.860 [http-nio-auto-1-exec-10] INFO  com.bookstore.bookservice.aspects.LoggingAspect - Before executing BookController.getBookById(..)
2023-11-16 11:14:22.860 [http-nio-auto-1-exec-10] INFO  com.bookstore.bookservice.aspects.LoggingAspect - Before executing BookServiceImpl.getBookByID(..)
2023-11-16 11:14:22.860 [http-nio-auto-1-exec-10] INFO  com.bookstore.bookservice.aspects.LoggingAspect - Before executing CrudRepository.findById(..)
2023-11-16 11:14:22.862 [http-nio-auto-1-exec-10] INFO  com.bookstore.bookservice.aspects.LoggingAspect - After executing CrudRepository.findById(..) with result Optional[Book(id=3, image=picture, name=Peace and war, author=Dostoyev, bookYear=1750, isbn=sdnw, fiction=sd, detail=aa)]
2023-11-16 11:14:22.862 [http-nio-auto-1-exec-10] INFO  com.bookstore.bookservice.aspects.LoggingAspect - Before executing BookMapperImpl.convertBookDtoToBook(..)
2023-11-16 11:14:22.862 [http-nio-auto-1-exec-10] INFO  com.bookstore.bookservice.aspects.LoggingAspect - After executing BookMapperImpl.convertBookDtoToBook(..) with result BookDto(id=3, image=picture, name=Peace and war, author=Dostoyev, bookYear=1750, isbn=sdnw, fiction=sd, detail=aa)
2023-11-16 11:14:22.863 [http-nio-auto-1-exec-10] INFO  com.bookstore.bookservice.aspects.LoggingAspect - After executing BookServiceImpl.getBookByID(..) with result BookDto(id=3, image=picture, name=Peace and war, author=Dostoyev, bookYear=1750, isbn=sdnw, fiction=sd, detail=aa)
2023-11-16 11:14:22.863 [http-nio-auto-1-exec-10] INFO  com.bookstore.bookservice.aspects.LoggingAspect - After executing BookController.getBookById(..) with result BookDto(id=3, image=picture, name=Peace and war, author=Dostoyev, bookYear=1750, isbn=sdnw, fiction=sd, detail=aa)
2023-11-16 11:14:47.782 [http-nio-auto-1-exec-1] INFO  com.bookstore.bookservice.aspects.LoggingAspect - Before executing BookController.getBookById(..)
2023-11-16 11:14:47.783 [http-nio-auto-1-exec-1] INFO  com.bookstore.bookservice.aspects.LoggingAspect - Before executing BookServiceImpl.getBookByID(..)
2023-11-16 11:14:47.783 [http-nio-auto-1-exec-1] INFO  com.bookstore.bookservice.aspects.LoggingAspect - Before executing CrudRepository.findById(..)
2023-11-16 11:14:47.786 [http-nio-auto-1-exec-1] INFO  com.bookstore.bookservice.aspects.LoggingAspect - After executing CrudRepository.findById(..) with result Optional[Book(id=1, image=null, name=nice_book, author=default_author, bookYear=1880, isbn=aegf34, fiction=Roman, detail=lorem10)]
2023-11-16 11:14:47.786 [http-nio-auto-1-exec-1] INFO  com.bookstore.bookservice.aspects.LoggingAspect - Before executing BookMapperImpl.convertBookDtoToBook(..)
2023-11-16 11:14:47.787 [http-nio-auto-1-exec-1] INFO  com.bookstore.bookservice.aspects.LoggingAspect - After executing BookMapperImpl.convertBookDtoToBook(..) with result BookDto(id=1, image=null, name=nice_book, author=default_author, bookYear=1880, isbn=aegf34, fiction=Roman, detail=lorem10)
2023-11-16 11:14:47.787 [http-nio-auto-1-exec-1] INFO  com.bookstore.bookservice.aspects.LoggingAspect - After executing BookServiceImpl.getBookByID(..) with result BookDto(id=1, image=null, name=nice_book, author=default_author, bookYear=1880, isbn=aegf34, fiction=Roman, detail=lorem10)
2023-11-16 11:14:47.787 [http-nio-auto-1-exec-1] INFO  com.bookstore.bookservice.aspects.LoggingAspect - After executing BookController.getBookById(..) with result BookDto(id=1, image=null, name=nice_book, author=default_author, bookYear=1880, isbn=aegf34, fiction=Roman, detail=lorem10)
2023-11-16 11:14:47.791 [http-nio-auto-1-exec-2] INFO  com.bookstore.bookservice.aspects.LoggingAspect - Before executing BookController.getBookById(..)
2023-11-16 11:14:47.791 [http-nio-auto-1-exec-2] INFO  com.bookstore.bookservice.aspects.LoggingAspect - Before executing BookServiceImpl.getBookByID(..)
2023-11-16 11:14:47.792 [http-nio-auto-1-exec-2] INFO  com.bookstore.bookservice.aspects.LoggingAspect - Before executing CrudRepository.findById(..)
2023-11-16 11:14:47.793 [http-nio-auto-1-exec-2] INFO  com.bookstore.bookservice.aspects.LoggingAspect - After executing CrudRepository.findById(..) with result Optional[Book(id=2, image=33157, name=Martin Eden, author=Jack London, bookYear=1750, isbn=kloasx, fiction=inve, detail=vsef)]
2023-11-16 11:14:47.793 [http-nio-auto-1-exec-2] INFO  com.bookstore.bookservice.aspects.LoggingAspect - Before executing BookMapperImpl.convertBookDtoToBook(..)
2023-11-16 11:14:47.794 [http-nio-auto-1-exec-2] INFO  com.bookstore.bookservice.aspects.LoggingAspect - After executing BookMapperImpl.convertBookDtoToBook(..) with result BookDto(id=2, image=33157, name=Martin Eden, author=Jack London, bookYear=1750, isbn=kloasx, fiction=inve, detail=vsef)
2023-11-16 11:14:47.794 [http-nio-auto-1-exec-2] INFO  com.bookstore.bookservice.aspects.LoggingAspect - After executing BookServiceImpl.getBookByID(..) with result BookDto(id=2, image=33157, name=Martin Eden, author=Jack London, bookYear=1750, isbn=kloasx, fiction=inve, detail=vsef)
2023-11-16 11:14:47.794 [http-nio-auto-1-exec-2] INFO  com.bookstore.bookservice.aspects.LoggingAspect - After executing BookController.getBookById(..) with result BookDto(id=2, image=33157, name=Martin Eden, author=Jack London, bookYear=1750, isbn=kloasx, fiction=inve, detail=vsef)
2023-11-16 11:14:47.799 [http-nio-auto-1-exec-3] INFO  com.bookstore.bookservice.aspects.LoggingAspect - Before executing BookController.getBookById(..)
2023-11-16 11:14:47.800 [http-nio-auto-1-exec-3] INFO  com.bookstore.bookservice.aspects.LoggingAspect - Before executing BookServiceImpl.getBookByID(..)
2023-11-16 11:14:47.800 [http-nio-auto-1-exec-3] INFO  com.bookstore.bookservice.aspects.LoggingAspect - Before executing CrudRepository.findById(..)
2023-11-16 11:14:47.802 [http-nio-auto-1-exec-3] INFO  com.bookstore.bookservice.aspects.LoggingAspect - After executing CrudRepository.findById(..) with result Optional[Book(id=3, image=picture, name=Peace and war, author=Dostoyev, bookYear=1750, isbn=sdnw, fiction=sd, detail=aa)]
2023-11-16 11:14:47.802 [http-nio-auto-1-exec-3] INFO  com.bookstore.bookservice.aspects.LoggingAspect - Before executing BookMapperImpl.convertBookDtoToBook(..)
2023-11-16 11:14:47.803 [http-nio-auto-1-exec-3] INFO  com.bookstore.bookservice.aspects.LoggingAspect - After executing BookMapperImpl.convertBookDtoToBook(..) with result BookDto(id=3, image=picture, name=Peace and war, author=Dostoyev, bookYear=1750, isbn=sdnw, fiction=sd, detail=aa)
2023-11-16 11:14:47.803 [http-nio-auto-1-exec-3] INFO  com.bookstore.bookservice.aspects.LoggingAspect - After executing BookServiceImpl.getBookByID(..) with result BookDto(id=3, image=picture, name=Peace and war, author=Dostoyev, bookYear=1750, isbn=sdnw, fiction=sd, detail=aa)
2023-11-16 11:14:47.803 [http-nio-auto-1-exec-3] INFO  com.bookstore.bookservice.aspects.LoggingAspect - After executing BookController.getBookById(..) with result BookDto(id=3, image=picture, name=Peace and war, author=Dostoyev, bookYear=1750, isbn=sdnw, fiction=sd, detail=aa)
2023-11-16 11:15:46.678 [http-nio-auto-1-exec-4] INFO  com.bookstore.bookservice.aspects.LoggingAspect - Before executing BookController.getBookById(..)
2023-11-16 11:15:46.678 [http-nio-auto-1-exec-4] INFO  com.bookstore.bookservice.aspects.LoggingAspect - Before executing BookServiceImpl.getBookByID(..)
2023-11-16 11:15:46.678 [http-nio-auto-1-exec-4] INFO  com.bookstore.bookservice.aspects.LoggingAspect - Before executing CrudRepository.findById(..)
2023-11-16 11:15:46.680 [http-nio-auto-1-exec-4] INFO  com.bookstore.bookservice.aspects.LoggingAspect - After executing CrudRepository.findById(..) with result Optional[Book(id=1, image=null, name=nice_book, author=default_author, bookYear=1880, isbn=aegf34, fiction=Roman, detail=lorem10)]
2023-11-16 11:15:46.681 [http-nio-auto-1-exec-4] INFO  com.bookstore.bookservice.aspects.LoggingAspect - Before executing BookMapperImpl.convertBookDtoToBook(..)
2023-11-16 11:15:46.681 [http-nio-auto-1-exec-4] INFO  com.bookstore.bookservice.aspects.LoggingAspect - After executing BookMapperImpl.convertBookDtoToBook(..) with result BookDto(id=1, image=null, name=nice_book, author=default_author, bookYear=1880, isbn=aegf34, fiction=Roman, detail=lorem10)
2023-11-16 11:15:46.681 [http-nio-auto-1-exec-4] INFO  com.bookstore.bookservice.aspects.LoggingAspect - After executing BookServiceImpl.getBookByID(..) with result BookDto(id=1, image=null, name=nice_book, author=default_author, bookYear=1880, isbn=aegf34, fiction=Roman, detail=lorem10)
2023-11-16 11:15:46.681 [http-nio-auto-1-exec-4] INFO  com.bookstore.bookservice.aspects.LoggingAspect - After executing BookController.getBookById(..) with result BookDto(id=1, image=null, name=nice_book, author=default_author, bookYear=1880, isbn=aegf34, fiction=Roman, detail=lorem10)
2023-11-16 11:15:46.687 [http-nio-auto-1-exec-5] INFO  com.bookstore.bookservice.aspects.LoggingAspect - Before executing BookController.getBookById(..)
2023-11-16 11:15:46.688 [http-nio-auto-1-exec-5] INFO  com.bookstore.bookservice.aspects.LoggingAspect - Before executing BookServiceImpl.getBookByID(..)
2023-11-16 11:15:46.688 [http-nio-auto-1-exec-5] INFO  com.bookstore.bookservice.aspects.LoggingAspect - Before executing CrudRepository.findById(..)
2023-11-16 11:15:46.690 [http-nio-auto-1-exec-5] INFO  com.bookstore.bookservice.aspects.LoggingAspect - After executing CrudRepository.findById(..) with result Optional[Book(id=2, image=33157, name=Martin Eden, author=Jack London, bookYear=1750, isbn=kloasx, fiction=inve, detail=vsef)]
2023-11-16 11:15:46.690 [http-nio-auto-1-exec-5] INFO  com.bookstore.bookservice.aspects.LoggingAspect - Before executing BookMapperImpl.convertBookDtoToBook(..)
2023-11-16 11:15:46.690 [http-nio-auto-1-exec-5] INFO  com.bookstore.bookservice.aspects.LoggingAspect - After executing BookMapperImpl.convertBookDtoToBook(..) with result BookDto(id=2, image=33157, name=Martin Eden, author=Jack London, bookYear=1750, isbn=kloasx, fiction=inve, detail=vsef)
2023-11-16 11:15:46.691 [http-nio-auto-1-exec-5] INFO  com.bookstore.bookservice.aspects.LoggingAspect - After executing BookServiceImpl.getBookByID(..) with result BookDto(id=2, image=33157, name=Martin Eden, author=Jack London, bookYear=1750, isbn=kloasx, fiction=inve, detail=vsef)
2023-11-16 11:15:46.691 [http-nio-auto-1-exec-5] INFO  com.bookstore.bookservice.aspects.LoggingAspect - After executing BookController.getBookById(..) with result BookDto(id=2, image=33157, name=Martin Eden, author=Jack London, bookYear=1750, isbn=kloasx, fiction=inve, detail=vsef)
2023-11-16 11:15:46.706 [http-nio-auto-1-exec-6] INFO  com.bookstore.bookservice.aspects.LoggingAspect - Before executing BookController.getBookById(..)
2023-11-16 11:15:46.706 [http-nio-auto-1-exec-6] INFO  com.bookstore.bookservice.aspects.LoggingAspect - Before executing BookServiceImpl.getBookByID(..)
2023-11-16 11:15:46.706 [http-nio-auto-1-exec-6] INFO  com.bookstore.bookservice.aspects.LoggingAspect - Before executing CrudRepository.findById(..)
2023-11-16 11:15:46.708 [http-nio-auto-1-exec-6] INFO  com.bookstore.bookservice.aspects.LoggingAspect - After executing CrudRepository.findById(..) with result Optional[Book(id=3, image=picture, name=Peace and war, author=Dostoyev, bookYear=1750, isbn=sdnw, fiction=sd, detail=aa)]
2023-11-16 11:15:46.708 [http-nio-auto-1-exec-6] INFO  com.bookstore.bookservice.aspects.LoggingAspect - Before executing BookMapperImpl.convertBookDtoToBook(..)
2023-11-16 11:15:46.708 [http-nio-auto-1-exec-6] INFO  com.bookstore.bookservice.aspects.LoggingAspect - After executing BookMapperImpl.convertBookDtoToBook(..) with result BookDto(id=3, image=picture, name=Peace and war, author=Dostoyev, bookYear=1750, isbn=sdnw, fiction=sd, detail=aa)
2023-11-16 11:15:46.708 [http-nio-auto-1-exec-6] INFO  com.bookstore.bookservice.aspects.LoggingAspect - After executing BookServiceImpl.getBookByID(..) with result BookDto(id=3, image=picture, name=Peace and war, author=Dostoyev, bookYear=1750, isbn=sdnw, fiction=sd, detail=aa)
2023-11-16 11:15:46.708 [http-nio-auto-1-exec-6] INFO  com.bookstore.bookservice.aspects.LoggingAspect - After executing BookController.getBookById(..) with result BookDto(id=3, image=picture, name=Peace and war, author=Dostoyev, bookYear=1750, isbn=sdnw, fiction=sd, detail=aa)
2023-11-16 11:16:38.882 [AsyncResolver-bootstrap-executor-0] INFO  com.netflix.discovery.shared.resolver.aws.ConfigClusterResolver - Resolving eureka endpoints via configuration
2023-11-16 11:21:38.898 [AsyncResolver-bootstrap-executor-0] INFO  com.netflix.discovery.shared.resolver.aws.ConfigClusterResolver - Resolving eureka endpoints via configuration
2023-11-16 11:26:38.908 [AsyncResolver-bootstrap-executor-0] INFO  com.netflix.discovery.shared.resolver.aws.ConfigClusterResolver - Resolving eureka endpoints via configuration
2023-11-16 11:31:38.911 [AsyncResolver-bootstrap-executor-0] INFO  com.netflix.discovery.shared.resolver.aws.ConfigClusterResolver - Resolving eureka endpoints via configuration
2023-11-16 11:32:44.710 [SpringApplicationShutdownHook] INFO  org.springframework.cloud.netflix.eureka.serviceregistry.EurekaServiceRegistry - Unregistering application BOOK-SERVICE with eureka with status DOWN
2023-11-16 11:32:44.712 [SpringApplicationShutdownHook] INFO  com.netflix.discovery.DiscoveryClient - Saw local status change event StatusChangeEvent [timestamp=1700119964712, current=DOWN, previous=UP]
2023-11-16 11:32:44.714 [DiscoveryClient-InstanceInfoReplicator-0] INFO  com.netflix.discovery.DiscoveryClient - DiscoveryClient_BOOK-SERVICE/host.docker.internal:book-service:0: registering service...
2023-11-16 11:32:44.747 [DiscoveryClient-InstanceInfoReplicator-0] INFO  com.netflix.discovery.DiscoveryClient - DiscoveryClient_BOOK-SERVICE/host.docker.internal:book-service:0 - registration status: 204
2023-11-16 11:32:45.035 [SpringApplicationShutdownHook] INFO  org.springframework.orm.jpa.LocalContainerEntityManagerFactoryBean - Closing JPA EntityManagerFactory for persistence unit 'default'
2023-11-16 11:32:45.072 [SpringApplicationShutdownHook] INFO  com.zaxxer.hikari.HikariDataSource - HikariPool-1 - Shutdown initiated...
2023-11-16 11:32:45.111 [SpringApplicationShutdownHook] INFO  com.zaxxer.hikari.HikariDataSource - HikariPool-1 - Shutdown completed.
2023-11-16 11:32:45.367 [SpringApplicationShutdownHook] INFO  com.netflix.discovery.DiscoveryClient - Shutting down DiscoveryClient ...
2023-11-16 11:32:48.384 [SpringApplicationShutdownHook] INFO  com.netflix.discovery.DiscoveryClient - Unregistering ...
2023-11-16 11:32:48.475 [SpringApplicationShutdownHook] INFO  com.netflix.discovery.shared.transport.decorator.RedirectingEurekaHttpClient - Request execution error. endpoint=DefaultEndpoint{ serviceUrl='http://localhost:8761/eureka/} exception=I/O error on DELETE request for "http://localhost:8761/eureka/apps/BOOK-SERVICE/host.docker.internal:book-service:0": Connect to http://localhost:8761 [localhost/127.0.0.1, localhost/0:0:0:0:0:0:0:1] failed: Connection refused: no further information stacktrace=org.springframework.web.client.ResourceAccessException: I/O error on DELETE request for "http://localhost:8761/eureka/apps/BOOK-SERVICE/host.docker.internal:book-service:0": Connect to http://localhost:8761 [localhost/127.0.0.1, localhost/0:0:0:0:0:0:0:1] failed: Connection refused: no further information
	at org.springframework.web.client.RestTemplate.createResourceAccessException(RestTemplate.java:888)
	at org.springframework.web.client.RestTemplate.doExecute(RestTemplate.java:868)
	at org.springframework.web.client.RestTemplate.execute(RestTemplate.java:764)
	at org.springframework.web.client.RestTemplate.exchange(RestTemplate.java:646)
	at org.springframework.cloud.netflix.eureka.http.RestTemplateEurekaHttpClient.cancel(RestTemplateEurekaHttpClient.java:87)
	at com.netflix.discovery.shared.transport.decorator.EurekaHttpClientDecorator$2.execute(EurekaHttpClientDecorator.java:74)
	at com.netflix.discovery.shared.transport.decorator.RedirectingEurekaHttpClient.execute(RedirectingEurekaHttpClient.java:91)
	at com.netflix.discovery.shared.transport.decorator.EurekaHttpClientDecorator.cancel(EurekaHttpClientDecorator.java:71)
	at com.netflix.discovery.shared.transport.decorator.EurekaHttpClientDecorator$2.execute(EurekaHttpClientDecorator.java:74)
	at com.netflix.discovery.shared.transport.decorator.RetryableEurekaHttpClient.execute(RetryableEurekaHttpClient.java:120)
	at com.netflix.discovery.shared.transport.decorator.EurekaHttpClientDecorator.cancel(EurekaHttpClientDecorator.java:71)
	at com.netflix.discovery.shared.transport.decorator.EurekaHttpClientDecorator$2.execute(EurekaHttpClientDecorator.java:74)
	at com.netflix.discovery.shared.transport.decorator.SessionedEurekaHttpClient.execute(SessionedEurekaHttpClient.java:77)
	at com.netflix.discovery.shared.transport.decorator.EurekaHttpClientDecorator.cancel(EurekaHttpClientDecorator.java:71)
	at com.netflix.discovery.DiscoveryClient.unregister(DiscoveryClient.java:916)
	at com.netflix.discovery.DiscoveryClient.shutdown(DiscoveryClient.java:892)
	at java.base/jdk.internal.reflect.DirectMethodHandleAccessor.invoke(DirectMethodHandleAccessor.java:104)
	at java.base/java.lang.reflect.Method.invoke(Method.java:578)
	at org.springframework.beans.factory.annotation.InitDestroyAnnotationBeanPostProcessor$LifecycleElement.invoke(InitDestroyAnnotationBeanPostProcessor.java:424)
	at org.springframework.beans.factory.annotation.InitDestroyAnnotationBeanPostProcessor$LifecycleMetadata.invokeDestroyMethods(InitDestroyAnnotationBeanPostProcessor.java:382)
	at org.springframework.beans.factory.annotation.InitDestroyAnnotationBeanPostProcessor.postProcessBeforeDestruction(InitDestroyAnnotationBeanPostProcessor.java:212)
	at org.springframework.beans.factory.support.DisposableBeanAdapter.destroy(DisposableBeanAdapter.java:191)
	at org.springframework.beans.factory.support.DisposableBeanAdapter.run(DisposableBeanAdapter.java:184)
	at org.springframework.cloud.context.scope.GenericScope$BeanLifecycleWrapper.destroy(GenericScope.java:389)
	at org.springframework.cloud.context.scope.GenericScope.destroy(GenericScope.java:136)
	at org.springframework.beans.factory.support.DisposableBeanAdapter.destroy(DisposableBeanAdapter.java:200)
	at org.springframework.beans.factory.support.DefaultSingletonBeanRegistry.destroyBean(DefaultSingletonBeanRegistry.java:587)
	at org.springframework.beans.factory.support.DefaultSingletonBeanRegistry.destroySingleton(DefaultSingletonBeanRegistry.java:559)
	at org.springframework.beans.factory.support.DefaultListableBeanFactory.destroySingleton(DefaultListableBeanFactory.java:1177)
	at org.springframework.beans.factory.support.DefaultSingletonBeanRegistry.destroySingletons(DefaultSingletonBeanRegistry.java:520)
	at org.springframework.beans.factory.support.DefaultListableBeanFactory.destroySingletons(DefaultListableBeanFactory.java:1170)
	at org.springframework.context.support.AbstractApplicationContext.destroyBeans(AbstractApplicationContext.java:1084)
	at org.springframework.context.support.AbstractApplicationContext.doClose(AbstractApplicationContext.java:1053)
	at org.springframework.boot.web.servlet.context.ServletWebServerApplicationContext.doClose(ServletWebServerApplicationContext.java:173)
	at org.springframework.context.support.AbstractApplicationContext.close(AbstractApplicationContext.java:1003)
	at org.springframework.boot.SpringApplicationShutdownHook.closeAndWait(SpringApplicationShutdownHook.java:139)
	at java.base/java.lang.Iterable.forEach(Iterable.java:75)
	at org.springframework.boot.SpringApplicationShutdownHook.run(SpringApplicationShutdownHook.java:108)
	at java.base/java.lang.Thread.run(Thread.java:1589)
Caused by: org.apache.hc.client5.http.HttpHostConnectException: Connect to http://localhost:8761 [localhost/127.0.0.1, localhost/0:0:0:0:0:0:0:1] failed: Connection refused: no further information
	at java.base/sun.nio.ch.Net.pollConnect(Native Method)
	at java.base/sun.nio.ch.Net.pollConnectNow(Net.java:672)
	at java.base/sun.nio.ch.NioSocketImpl.timedFinishConnect(NioSocketImpl.java:535)
	at java.base/sun.nio.ch.NioSocketImpl.connect(NioSocketImpl.java:585)
	at java.base/java.net.SocksSocketImpl.connect(SocksSocketImpl.java:327)
	at java.base/java.net.Socket.connect(Socket.java:666)
	at org.apache.hc.client5.http.socket.PlainConnectionSocketFactory$1.run(PlainConnectionSocketFactory.java:87)
	at java.base/java.security.AccessController.doPrivileged(AccessController.java:569)
	at org.apache.hc.client5.http.socket.PlainConnectionSocketFactory.connectSocket(PlainConnectionSocketFactory.java:84)
	at org.apache.hc.client5.http.impl.io.DefaultHttpClientConnectionOperator.connect(DefaultHttpClientConnectionOperator.java:148)
	at org.apache.hc.client5.http.impl.io.PoolingHttpClientConnectionManager.connect(PoolingHttpClientConnectionManager.java:396)
	at org.apache.hc.client5.http.impl.classic.InternalExecRuntime.connectEndpoint(InternalExecRuntime.java:158)
	at org.apache.hc.client5.http.impl.classic.InternalExecRuntime.connectEndpoint(InternalExecRuntime.java:168)
	at org.apache.hc.client5.http.impl.classic.ConnectExec.execute(ConnectExec.java:136)
	at org.apache.hc.client5.http.impl.classic.ExecChainElement.execute(ExecChainElement.java:51)
	at org.apache.hc.client5.http.impl.classic.ExecChainElement$1.proceed(ExecChainElement.java:57)
	at org.apache.hc.client5.http.impl.classic.ProtocolExec.execute(ProtocolExec.java:190)
	at org.apache.hc.client5.http.impl.classic.ExecChainElement.execute(ExecChainElement.java:51)
	at org.apache.hc.client5.http.impl.classic.ExecChainElement$1.proceed(ExecChainElement.java:57)
	at org.apache.hc.client5.http.impl.classic.HttpRequestRetryExec.execute(HttpRequestRetryExec.java:96)
	at org.apache.hc.client5.http.impl.classic.ExecChainElement.execute(ExecChainElement.java:51)
	at org.apache.hc.client5.http.impl.classic.ExecChainElement$1.proceed(ExecChainElement.java:57)
	at org.apache.hc.client5.http.impl.classic.ContentCompressionExec.execute(ContentCompressionExec.java:133)
	at org.apache.hc.client5.http.impl.classic.ExecChainElement.execute(ExecChainElement.java:51)
	at org.apache.hc.client5.http.impl.classic.ExecChainElement$1.proceed(ExecChainElement.java:57)
	at org.apache.hc.client5.http.impl.classic.RedirectExec.execute(RedirectExec.java:115)
	at org.apache.hc.client5.http.impl.classic.ExecChainElement.execute(ExecChainElement.java:51)
	at org.apache.hc.client5.http.impl.classic.InternalHttpClient.doExecute(InternalHttpClient.java:170)
	at org.apache.hc.client5.http.impl.classic.CloseableHttpClient.execute(CloseableHttpClient.java:75)
	at org.apache.hc.client5.http.impl.classic.CloseableHttpClient.execute(CloseableHttpClient.java:54)
	at org.springframework.http.client.HttpComponentsClientHttpRequest.executeInternal(HttpComponentsClientHttpRequest.java:93)
	at org.springframework.http.client.AbstractBufferingClientHttpRequest.executeInternal(AbstractBufferingClientHttpRequest.java:48)
	at org.springframework.http.client.AbstractClientHttpRequest.execute(AbstractClientHttpRequest.java:66)
	at org.springframework.web.client.RestTemplate.doExecute(RestTemplate.java:862)
	... 37 more

2023-11-16 11:32:48.476 [SpringApplicationShutdownHook] WARN  com.netflix.discovery.shared.transport.decorator.RetryableEurekaHttpClient - Request execution failed with message: I/O error on DELETE request for "http://localhost:8761/eureka/apps/BOOK-SERVICE/host.docker.internal:book-service:0": Connect to http://localhost:8761 [localhost/127.0.0.1, localhost/0:0:0:0:0:0:0:1] failed: Connection refused: no further information
2023-11-16 11:32:48.502 [SpringApplicationShutdownHook] INFO  com.netflix.discovery.shared.transport.decorator.RedirectingEurekaHttpClient - Request execution error. endpoint=DefaultEndpoint{ serviceUrl='http://localhost:8761/eureka/}, exception=I/O error on DELETE request for "http://localhost:8761/eureka/apps/BOOK-SERVICE/host.docker.internal:book-service:0": Connect to http://localhost:8761 [localhost/127.0.0.1, localhost/0:0:0:0:0:0:0:1] failed: Connection refused: no further information stacktrace=org.springframework.web.client.ResourceAccessException: I/O error on DELETE request for "http://localhost:8761/eureka/apps/BOOK-SERVICE/host.docker.internal:book-service:0": Connect to http://localhost:8761 [localhost/127.0.0.1, localhost/0:0:0:0:0:0:0:1] failed: Connection refused: no further information
	at org.springframework.web.client.RestTemplate.createResourceAccessException(RestTemplate.java:888)
	at org.springframework.web.client.RestTemplate.doExecute(RestTemplate.java:868)
	at org.springframework.web.client.RestTemplate.execute(RestTemplate.java:764)
	at org.springframework.web.client.RestTemplate.exchange(RestTemplate.java:646)
	at org.springframework.cloud.netflix.eureka.http.RestTemplateEurekaHttpClient.cancel(RestTemplateEurekaHttpClient.java:87)
	at com.netflix.discovery.shared.transport.decorator.EurekaHttpClientDecorator$2.execute(EurekaHttpClientDecorator.java:74)
	at com.netflix.discovery.shared.transport.decorator.RedirectingEurekaHttpClient.executeOnNewServer(RedirectingEurekaHttpClient.java:121)
	at com.netflix.discovery.shared.transport.decorator.RedirectingEurekaHttpClient.execute(RedirectingEurekaHttpClient.java:80)
	at com.netflix.discovery.shared.transport.decorator.EurekaHttpClientDecorator.cancel(EurekaHttpClientDecorator.java:71)
	at com.netflix.discovery.shared.transport.decorator.EurekaHttpClientDecorator$2.execute(EurekaHttpClientDecorator.java:74)
	at com.netflix.discovery.shared.transport.decorator.RetryableEurekaHttpClient.execute(RetryableEurekaHttpClient.java:120)
	at com.netflix.discovery.shared.transport.decorator.EurekaHttpClientDecorator.cancel(EurekaHttpClientDecorator.java:71)
	at com.netflix.discovery.shared.transport.decorator.EurekaHttpClientDecorator$2.execute(EurekaHttpClientDecorator.java:74)
	at com.netflix.discovery.shared.transport.decorator.SessionedEurekaHttpClient.execute(SessionedEurekaHttpClient.java:77)
	at com.netflix.discovery.shared.transport.decorator.EurekaHttpClientDecorator.cancel(EurekaHttpClientDecorator.java:71)
	at com.netflix.discovery.DiscoveryClient.unregister(DiscoveryClient.java:916)
	at com.netflix.discovery.DiscoveryClient.shutdown(DiscoveryClient.java:892)
	at java.base/jdk.internal.reflect.DirectMethodHandleAccessor.invoke(DirectMethodHandleAccessor.java:104)
	at java.base/java.lang.reflect.Method.invoke(Method.java:578)
	at org.springframework.beans.factory.annotation.InitDestroyAnnotationBeanPostProcessor$LifecycleElement.invoke(InitDestroyAnnotationBeanPostProcessor.java:424)
	at org.springframework.beans.factory.annotation.InitDestroyAnnotationBeanPostProcessor$LifecycleMetadata.invokeDestroyMethods(InitDestroyAnnotationBeanPostProcessor.java:382)
	at org.springframework.beans.factory.annotation.InitDestroyAnnotationBeanPostProcessor.postProcessBeforeDestruction(InitDestroyAnnotationBeanPostProcessor.java:212)
	at org.springframework.beans.factory.support.DisposableBeanAdapter.destroy(DisposableBeanAdapter.java:191)
	at org.springframework.beans.factory.support.DisposableBeanAdapter.run(DisposableBeanAdapter.java:184)
	at org.springframework.cloud.context.scope.GenericScope$BeanLifecycleWrapper.destroy(GenericScope.java:389)
	at org.springframework.cloud.context.scope.GenericScope.destroy(GenericScope.java:136)
	at org.springframework.beans.factory.support.DisposableBeanAdapter.destroy(DisposableBeanAdapter.java:200)
	at org.springframework.beans.factory.support.DefaultSingletonBeanRegistry.destroyBean(DefaultSingletonBeanRegistry.java:587)
	at org.springframework.beans.factory.support.DefaultSingletonBeanRegistry.destroySingleton(DefaultSingletonBeanRegistry.java:559)
	at org.springframework.beans.factory.support.DefaultListableBeanFactory.destroySingleton(DefaultListableBeanFactory.java:1177)
	at org.springframework.beans.factory.support.DefaultSingletonBeanRegistry.destroySingletons(DefaultSingletonBeanRegistry.java:520)
	at org.springframework.beans.factory.support.DefaultListableBeanFactory.destroySingletons(DefaultListableBeanFactory.java:1170)
	at org.springframework.context.support.AbstractApplicationContext.destroyBeans(AbstractApplicationContext.java:1084)
	at org.springframework.context.support.AbstractApplicationContext.doClose(AbstractApplicationContext.java:1053)
	at org.springframework.boot.web.servlet.context.ServletWebServerApplicationContext.doClose(ServletWebServerApplicationContext.java:173)
	at org.springframework.context.support.AbstractApplicationContext.close(AbstractApplicationContext.java:1003)
	at org.springframework.boot.SpringApplicationShutdownHook.closeAndWait(SpringApplicationShutdownHook.java:139)
	at java.base/java.lang.Iterable.forEach(Iterable.java:75)
	at org.springframework.boot.SpringApplicationShutdownHook.run(SpringApplicationShutdownHook.java:108)
	at java.base/java.lang.Thread.run(Thread.java:1589)
Caused by: org.apache.hc.client5.http.HttpHostConnectException: Connect to http://localhost:8761 [localhost/127.0.0.1, localhost/0:0:0:0:0:0:0:1] failed: Connection refused: no further information
	at java.base/sun.nio.ch.Net.pollConnect(Native Method)
	at java.base/sun.nio.ch.Net.pollConnectNow(Net.java:672)
	at java.base/sun.nio.ch.NioSocketImpl.timedFinishConnect(NioSocketImpl.java:535)
	at java.base/sun.nio.ch.NioSocketImpl.connect(NioSocketImpl.java:585)
	at java.base/java.net.SocksSocketImpl.connect(SocksSocketImpl.java:327)
	at java.base/java.net.Socket.connect(Socket.java:666)
	at org.apache.hc.client5.http.socket.PlainConnectionSocketFactory$1.run(PlainConnectionSocketFactory.java:87)
	at java.base/java.security.AccessController.doPrivileged(AccessController.java:569)
	at org.apache.hc.client5.http.socket.PlainConnectionSocketFactory.connectSocket(PlainConnectionSocketFactory.java:84)
	at org.apache.hc.client5.http.impl.io.DefaultHttpClientConnectionOperator.connect(DefaultHttpClientConnectionOperator.java:148)
	at org.apache.hc.client5.http.impl.io.PoolingHttpClientConnectionManager.connect(PoolingHttpClientConnectionManager.java:396)
	at org.apache.hc.client5.http.impl.classic.InternalExecRuntime.connectEndpoint(InternalExecRuntime.java:158)
	at org.apache.hc.client5.http.impl.classic.InternalExecRuntime.connectEndpoint(InternalExecRuntime.java:168)
	at org.apache.hc.client5.http.impl.classic.ConnectExec.execute(ConnectExec.java:136)
	at org.apache.hc.client5.http.impl.classic.ExecChainElement.execute(ExecChainElement.java:51)
	at org.apache.hc.client5.http.impl.classic.ExecChainElement$1.proceed(ExecChainElement.java:57)
	at org.apache.hc.client5.http.impl.classic.ProtocolExec.execute(ProtocolExec.java:190)
	at org.apache.hc.client5.http.impl.classic.ExecChainElement.execute(ExecChainElement.java:51)
	at org.apache.hc.client5.http.impl.classic.ExecChainElement$1.proceed(ExecChainElement.java:57)
	at org.apache.hc.client5.http.impl.classic.HttpRequestRetryExec.execute(HttpRequestRetryExec.java:96)
	at org.apache.hc.client5.http.impl.classic.ExecChainElement.execute(ExecChainElement.java:51)
	at org.apache.hc.client5.http.impl.classic.ExecChainElement$1.proceed(ExecChainElement.java:57)
	at org.apache.hc.client5.http.impl.classic.ContentCompressionExec.execute(ContentCompressionExec.java:133)
	at org.apache.hc.client5.http.impl.classic.ExecChainElement.execute(ExecChainElement.java:51)
	at org.apache.hc.client5.http.impl.classic.ExecChainElement$1.proceed(ExecChainElement.java:57)
	at org.apache.hc.client5.http.impl.classic.RedirectExec.execute(RedirectExec.java:115)
	at org.apache.hc.client5.http.impl.classic.ExecChainElement.execute(ExecChainElement.java:51)
	at org.apache.hc.client5.http.impl.classic.InternalHttpClient.doExecute(InternalHttpClient.java:170)
	at org.apache.hc.client5.http.impl.classic.CloseableHttpClient.execute(CloseableHttpClient.java:75)
	at org.apache.hc.client5.http.impl.classic.CloseableHttpClient.execute(CloseableHttpClient.java:54)
	at org.springframework.http.client.HttpComponentsClientHttpRequest.executeInternal(HttpComponentsClientHttpRequest.java:93)
	at org.springframework.http.client.AbstractBufferingClientHttpRequest.executeInternal(AbstractBufferingClientHttpRequest.java:48)
	at org.springframework.http.client.AbstractClientHttpRequest.execute(AbstractClientHttpRequest.java:66)
	at org.springframework.web.client.RestTemplate.doExecute(RestTemplate.java:862)
	... 38 more

2023-11-16 11:32:48.503 [SpringApplicationShutdownHook] WARN  com.netflix.discovery.shared.transport.decorator.RetryableEurekaHttpClient - Request execution failed with message: I/O error on DELETE request for "http://localhost:8761/eureka/apps/BOOK-SERVICE/host.docker.internal:book-service:0": Connect to http://localhost:8761 [localhost/127.0.0.1, localhost/0:0:0:0:0:0:0:1] failed: Connection refused: no further information
2023-11-16 11:32:48.503 [SpringApplicationShutdownHook] ERROR com.netflix.discovery.DiscoveryClient - DiscoveryClient_BOOK-SERVICE/host.docker.internal:book-service:0 - de-registration failedCannot execute request on any known server
com.netflix.discovery.shared.transport.TransportException: Cannot execute request on any known server
	at com.netflix.discovery.shared.transport.decorator.RetryableEurekaHttpClient.execute(RetryableEurekaHttpClient.java:112) ~[eureka-client-2.0.0.jar:2.0.0]
	at com.netflix.discovery.shared.transport.decorator.EurekaHttpClientDecorator.cancel(EurekaHttpClientDecorator.java:71) ~[eureka-client-2.0.0.jar:2.0.0]
	at com.netflix.discovery.shared.transport.decorator.EurekaHttpClientDecorator$2.execute(EurekaHttpClientDecorator.java:74) ~[eureka-client-2.0.0.jar:2.0.0]
	at com.netflix.discovery.shared.transport.decorator.SessionedEurekaHttpClient.execute(SessionedEurekaHttpClient.java:77) ~[eureka-client-2.0.0.jar:2.0.0]
	at com.netflix.discovery.shared.transport.decorator.EurekaHttpClientDecorator.cancel(EurekaHttpClientDecorator.java:71) ~[eureka-client-2.0.0.jar:2.0.0]
	at com.netflix.discovery.DiscoveryClient.unregister(DiscoveryClient.java:916) ~[eureka-client-2.0.0.jar:2.0.0]
	at com.netflix.discovery.DiscoveryClient.shutdown(DiscoveryClient.java:892) ~[eureka-client-2.0.0.jar:2.0.0]
	at jdk.internal.reflect.DirectMethodHandleAccessor.invoke(DirectMethodHandleAccessor.java:104) ~[?:?]
	at java.lang.reflect.Method.invoke(Method.java:578) ~[?:?]
	at org.springframework.beans.factory.annotation.InitDestroyAnnotationBeanPostProcessor$LifecycleElement.invoke(InitDestroyAnnotationBeanPostProcessor.java:424) ~[spring-beans-6.0.6.jar:6.0.6]
	at org.springframework.beans.factory.annotation.InitDestroyAnnotationBeanPostProcessor$LifecycleMetadata.invokeDestroyMethods(InitDestroyAnnotationBeanPostProcessor.java:382) ~[spring-beans-6.0.6.jar:6.0.6]
	at org.springframework.beans.factory.annotation.InitDestroyAnnotationBeanPostProcessor.postProcessBeforeDestruction(InitDestroyAnnotationBeanPostProcessor.java:212) ~[spring-beans-6.0.6.jar:6.0.6]
	at org.springframework.beans.factory.support.DisposableBeanAdapter.destroy(DisposableBeanAdapter.java:191) ~[spring-beans-6.0.6.jar:6.0.6]
	at org.springframework.beans.factory.support.DisposableBeanAdapter.run(DisposableBeanAdapter.java:184) ~[spring-beans-6.0.6.jar:6.0.6]
	at org.springframework.cloud.context.scope.GenericScope$BeanLifecycleWrapper.destroy(GenericScope.java:389) ~[spring-cloud-context-4.0.1.jar:4.0.1]
	at org.springframework.cloud.context.scope.GenericScope.destroy(GenericScope.java:136) ~[spring-cloud-context-4.0.1.jar:4.0.1]
	at org.springframework.beans.factory.support.DisposableBeanAdapter.destroy(DisposableBeanAdapter.java:200) ~[spring-beans-6.0.6.jar:6.0.6]
	at org.springframework.beans.factory.support.DefaultSingletonBeanRegistry.destroyBean(DefaultSingletonBeanRegistry.java:587) ~[spring-beans-6.0.6.jar:6.0.6]
	at org.springframework.beans.factory.support.DefaultSingletonBeanRegistry.destroySingleton(DefaultSingletonBeanRegistry.java:559) ~[spring-beans-6.0.6.jar:6.0.6]
	at org.springframework.beans.factory.support.DefaultListableBeanFactory.destroySingleton(DefaultListableBeanFactory.java:1177) ~[spring-beans-6.0.6.jar:6.0.6]
	at org.springframework.beans.factory.support.DefaultSingletonBeanRegistry.destroySingletons(DefaultSingletonBeanRegistry.java:520) ~[spring-beans-6.0.6.jar:6.0.6]
	at org.springframework.beans.factory.support.DefaultListableBeanFactory.destroySingletons(DefaultListableBeanFactory.java:1170) ~[spring-beans-6.0.6.jar:6.0.6]
	at org.springframework.context.support.AbstractApplicationContext.destroyBeans(AbstractApplicationContext.java:1084) ~[spring-context-6.0.6.jar:6.0.6]
	at org.springframework.context.support.AbstractApplicationContext.doClose(AbstractApplicationContext.java:1053) ~[spring-context-6.0.6.jar:6.0.6]
	at org.springframework.boot.web.servlet.context.ServletWebServerApplicationContext.doClose(ServletWebServerApplicationContext.java:173) ~[spring-boot-3.0.4.jar:3.0.4]
	at org.springframework.context.support.AbstractApplicationContext.close(AbstractApplicationContext.java:1003) ~[spring-context-6.0.6.jar:6.0.6]
	at org.springframework.boot.SpringApplicationShutdownHook.closeAndWait(SpringApplicationShutdownHook.java:139) ~[spring-boot-3.0.4.jar:3.0.4]
	at java.lang.Iterable.forEach(Iterable.java:75) ~[?:?]
	at org.springframework.boot.SpringApplicationShutdownHook.run(SpringApplicationShutdownHook.java:108) ~[spring-boot-3.0.4.jar:3.0.4]
	at java.lang.Thread.run(Thread.java:1589) ~[?:?]
2023-11-16 11:32:48.537 [SpringApplicationShutdownHook] INFO  com.netflix.discovery.DiscoveryClient - Completed shut down of DiscoveryClient
